<?xml version="1.0" encoding="UTF-8"?>
<testsuite name="UserRegistrationTest" tests="1" skipped="0" failures="0" errors="0" timestamp="2022-04-16T10:38:17" hostname="AVINASHPJ-PC" time="0.043">
  <properties/>
  <testcase name="givenFirstName_WhenNotProperPassword_ShouldReturnFalse()" classname="UserRegistrationTest" time="0.043"/>
  <system-out><![CDATA[Please check Password
]]></system-out>
  <system-err><![CDATA[]]></system-err>
</testsuite>
